<?xml version="1.0" encoding="UTF-8"?>
<!-- Generated by org.testng.reporters.JUnitReportReporter -->
<testsuite hostname="DESKTOP-CDGJAIV" failures="0" tests="1" name="selenium_gradle.SeleniumTest" time="8.679" errors="0" timestamp="2022-10-15T13:20:30 EEST" skipped="0">
  <testcase classname="selenium_gradle.SeleniumTest" name="testAutomate" time="8.679"/>
  <system-out/>
</testsuite> <!-- selenium_gradle.SeleniumTest -->
